#
# There is insufficient memory for the Java Runtime Environment to continue.
# Native memory allocation (mmap) failed to map 264241152 bytes for Failed to commit area from 0x0000000704400000 to 0x0000000714000000 of length 264241152.
# Possible reasons:
#   The system is out of physical RAM or swap space
#   The process is running with CompressedOops enabled, and the Java Heap may be blocking the growth of the native heap
# Possible solutions:
#   Reduce memory load on the system
#   Increase physical memory or swap space
#   Check if swap backing store is full
#   Decrease Java heap size (-Xmx/-Xms)
#   Decrease number of Java threads
#   Decrease Java thread stack sizes (-Xss)
#   Set larger code cache with -XX:ReservedCodeCacheSize=
# This output file may be truncated or incomplete.
#
#  Out of Memory Error (./open/src/hotspot/os/windows/os_windows.cpp:3293), pid=3340, tid=14556
#
# JRE version:  (11.0.20+9) (build )
# Java VM: Java HotSpot(TM) 64-Bit Server VM (11.0.20+9-LTS-256, mixed mode, sharing, tiered, compressed oops, g1 gc, windows-amd64)
# No core dump will be written. Minidumps are not enabled by default on client versions of Windows
#

---------------  S U M M A R Y ------------

Command Line: -javaagent:C:\Program Files\JetBrains\IntelliJ IDEA 2021.1.1\lib\idea_rt.jar=13169:C:\Program Files\JetBrains\IntelliJ IDEA 2021.1.1\bin -Dfile.encoding=UTF-8 consumer.ConsumerExample

Host: 12th Gen Intel(R) Core(TM) i5-12500H, 16 cores, 15G,  Windows 11 , 64 bit Build 22621 (10.0.22621.3527)
Time: Thu May 30 09:47:03 2024  Windows 11 , 64 bit Build 22621 (10.0.22621.3527) elapsed time: 0.008649 seconds (0d 0h 0m 0s)

---------------  T H R E A D  ---------------

Current thread (0x000001f6a89fd800):  JavaThread "Unknown thread" [_thread_in_vm, id=14556, stack(0x0000009d4d200000,0x0000009d4d300000)]

Stack: [0x0000009d4d200000,0x0000009d4d300000]
Native frames: (J=compiled Java code, j=interpreted, Vv=VM code, C=native code)
V  [jvm.dll+0x6602ba]
V  [jvm.dll+0x7a32af]
V  [jvm.dll+0x7a4979]
V  [jvm.dll+0x7a5013]
V  [jvm.dll+0x258ef5]
V  [jvm.dll+0x65d619]
V  [jvm.dll+0x652375]
V  [jvm.dll+0x31359d]
V  [jvm.dll+0x313402]
V  [jvm.dll+0x318036]
V  [jvm.dll+0x360130]
V  [jvm.dll+0x35fba2]
V  [jvm.dll+0x2eec28]
V  [jvm.dll+0x2efd35]
V  [jvm.dll+0x77c327]
V  [jvm.dll+0x77dc0f]
V  [jvm.dll+0x36d3d9]
V  [jvm.dll+0x760d0f]
V  [jvm.dll+0x3df467]
V  [jvm.dll+0x3e1511]
C  [jli.dll+0x52e7]
C  [ucrtbase.dll+0x29333]
C  [KERNEL32.DLL+0x1257d]
C  [ntdll.dll+0x5aa48]


---------------  P R O C E S S  ---------------

Threads class SMR info:
_java_thread_list=0x000001f6a67169d0, length=0, elements={
}

Java Threads: ( => current thread )

Other Threads:
  0x000001f6a8a12800 GCTaskThread "GC Thread#0" [stack: 0x0000009d4d300000,0x0000009d4d400000] [id=10448]
  0x000001f6a8a6b800 ConcurrentGCThread "G1 Main Marker" [stack: 0x0000009d4d400000,0x0000009d4d500000] [id=21172]
  0x000001f6a8a6d000 ConcurrentGCThread "G1 Conc#0" [stack: 0x0000009d4d500000,0x0000009d4d600000] [id=18972]

[error occurred during error reporting (printing all threads), id 0xc0000005, EXCEPTION_ACCESS_VIOLATION (0xc0000005) at pc=0x00007ffb35c6f6e7]

VM state:not at safepoint (not fully initialized)

VM Mutex/Monitor currently owned by a thread:  ([mutex/lock_event])
[0x000001f6a89fa610] Heap_lock - owner thread: 0x000001f6a89fd800

Heap address: 0x0000000704400000, size: 4028 MB, Compressed Oops mode: Non-zero based: 0x0000000704400000
Narrow klass base: 0x0000000000000000, Narrow klass shift: 0

GC Heap History (0 events):
No events

Deoptimization events (0 events):
No events

Classes redefined (0 events):
No events

Internal exceptions (0 events):
No events

Events (0 events):
No events


Dynamic libraries:
0x00007ff6e88f0000 - 0x00007ff6e8900000 	C:\Program Files\Java\jdk-11\bin\java.exe
0x00007ffb8f050000 - 0x00007ffb8f267000 	C:\WINDOWS\SYSTEM32\ntdll.dll
0x00007ffb8dcf0000 - 0x00007ffb8ddb4000 	C:\WINDOWS\System32\KERNEL32.DLL
0x00007ffb8c5d0000 - 0x00007ffb8c977000 	C:\WINDOWS\System32\KERNELBASE.dll
0x00007ffb8c980000 - 0x00007ffb8ca91000 	C:\WINDOWS\System32\ucrtbase.dll
0x00007ffb81cd0000 - 0x00007ffb81ce9000 	C:\Program Files\Java\jdk-11\bin\jli.dll
0x00007ffb8d880000 - 0x00007ffb8d932000 	C:\WINDOWS\System32\ADVAPI32.dll
0x00007ffb81a00000 - 0x00007ffb81a1b000 	C:\Program Files\Java\jdk-11\bin\VCRUNTIME140.dll
0x00007ffb8e400000 - 0x00007ffb8e4a7000 	C:\WINDOWS\System32\msvcrt.dll
0x00007ffb8d620000 - 0x00007ffb8d6c8000 	C:\WINDOWS\System32\sechost.dll
0x00007ffb8c430000 - 0x00007ffb8c458000 	C:\WINDOWS\System32\bcrypt.dll
0x00007ffb8e080000 - 0x00007ffb8e195000 	C:\WINDOWS\System32\RPCRT4.dll
0x00007ffb8e4b0000 - 0x00007ffb8e65e000 	C:\WINDOWS\System32\USER32.dll
0x00007ffb8caa0000 - 0x00007ffb8cac6000 	C:\WINDOWS\System32\win32u.dll
0x00007ffb8e660000 - 0x00007ffb8e689000 	C:\WINDOWS\System32\GDI32.dll
0x00007ffb8cad0000 - 0x00007ffb8cbe9000 	C:\WINDOWS\System32\gdi32full.dll
0x00007ffb8cce0000 - 0x00007ffb8cd7a000 	C:\WINDOWS\System32\msvcp_win.dll
0x00007ffb65250000 - 0x00007ffb654e3000 	C:\WINDOWS\WinSxS\amd64_microsoft.windows.common-controls_6595b64144ccf1df_6.0.22621.3527_none_270e469b73872a76\COMCTL32.dll
0x00007ffb75960000 - 0x00007ffb7596a000 	C:\WINDOWS\SYSTEM32\VERSION.dll
0x00007ffb8e3c0000 - 0x00007ffb8e3f1000 	C:\WINDOWS\System32\IMM32.DLL
0x00007ffb84900000 - 0x00007ffb8490c000 	C:\Program Files\Java\jdk-11\bin\vcruntime140_1.dll
0x00007ffb76330000 - 0x00007ffb763be000 	C:\Program Files\Java\jdk-11\bin\msvcp140.dll
0x00007ffb35970000 - 0x00007ffb364dd000 	C:\Program Files\Java\jdk-11\bin\server\jvm.dll
0x00007ffb8e730000 - 0x00007ffb8e738000 	C:\WINDOWS\System32\PSAPI.DLL
0x00007ffb81a80000 - 0x00007ffb81ab4000 	C:\WINDOWS\SYSTEM32\WINMM.dll
0x00007ffb81c10000 - 0x00007ffb81c19000 	C:\WINDOWS\SYSTEM32\WSOCK32.dll
0x00007ffb8d210000 - 0x00007ffb8d281000 	C:\WINDOWS\System32\WS2_32.dll
0x00007ffb8b440000 - 0x00007ffb8b458000 	C:\WINDOWS\SYSTEM32\kernel.appcore.dll
0x00007ffb84820000 - 0x00007ffb84830000 	C:\Program Files\Java\jdk-11\bin\verify.dll
0x00007ffb89eb0000 - 0x00007ffb8a0e2000 	C:\WINDOWS\SYSTEM32\DBGHELP.DLL
0x00007ffb8d290000 - 0x00007ffb8d618000 	C:\WINDOWS\System32\combase.dll
0x00007ffb8dc10000 - 0x00007ffb8dce7000 	C:\WINDOWS\System32\OLEAUT32.dll
0x00007ffb6bcc0000 - 0x00007ffb6bcf2000 	C:\WINDOWS\SYSTEM32\dbgcore.DLL
0x00007ffb8cbf0000 - 0x00007ffb8cc69000 	C:\WINDOWS\System32\bcryptPrimitives.dll
0x00007ffb76300000 - 0x00007ffb76328000 	C:\Program Files\Java\jdk-11\bin\java.dll
0x00007ffb84690000 - 0x00007ffb8469a000 	C:\Program Files\Java\jdk-11\bin\jimage.dll
0x00007ffb81e90000 - 0x00007ffb81e9e000 	C:\Program Files\Java\jdk-11\bin\instrument.dll
0x00007ffb81650000 - 0x00007ffb81667000 	C:\Program Files\Java\jdk-11\bin\zip.dll

dbghelp: loaded successfully - version: 4.0.5 - missing functions: none
symbol engine: initialized successfully - sym options: 0x614 - pdb path: .;C:\Program Files\Java\jdk-11\bin;C:\WINDOWS\SYSTEM32;C:\WINDOWS\WinSxS\amd64_microsoft.windows.common-controls_6595b64144ccf1df_6.0.22621.3527_none_270e469b73872a76;C:\Program Files\Java\jdk-11\bin\server

VM Arguments:
jvm_args: -javaagent:C:\Program Files\JetBrains\IntelliJ IDEA 2021.1.1\lib\idea_rt.jar=13169:C:\Program Files\JetBrains\IntelliJ IDEA 2021.1.1\bin -Dfile.encoding=UTF-8 
java_command: consumer.ConsumerExample
java_class_path (initial): D:\SunYatSen university\term2.2\internet\rpc\MyRPC\rpc-consumer\target\classes;D:\SunYatSen university\term2.2\internet\rpc\MyRPC\rpc-core\target\classes;C:\Users\white\.m2\repository\io\vertx\vertx-core\4.5.1\vertx-core-4.5.1.jar;C:\Users\white\.m2\repository\io\netty\netty-common\4.1.103.Final\netty-common-4.1.103.Final.jar;C:\Users\white\.m2\repository\io\netty\netty-buffer\4.1.103.Final\netty-buffer-4.1.103.Final.jar;C:\Users\white\.m2\repository\io\netty\netty-transport\4.1.103.Final\netty-transport-4.1.103.Final.jar;C:\Users\white\.m2\repository\io\netty\netty-handler\4.1.103.Final\netty-handler-4.1.103.Final.jar;C:\Users\white\.m2\repository\io\netty\netty-transport-native-unix-common\4.1.103.Final\netty-transport-native-unix-common-4.1.103.Final.jar;C:\Users\white\.m2\repository\io\netty\netty-codec\4.1.103.Final\netty-codec-4.1.103.Final.jar;C:\Users\white\.m2\repository\io\netty\netty-handler-proxy\4.1.103.Final\netty-handler-proxy-4.1.103.Final.jar;C:\Users\white\.m2\repository\io\netty\netty-codec-socks\4.1.103.Final\netty-codec-socks-4.1.103.Final.jar;C:\Users\white\.m2\repository\io\netty\netty-codec-http\4.1.103.Final\netty-codec-http-4.1.103.Final.jar;C:\Users\white\.m2\repository\io\netty\netty-codec-http2\4.1.103.Final\netty-codec-http2-4.1.103.Final.jar;C:\Users\white\.m2\repository\io\netty\netty-resolver\4.1.103.Final\netty-resolver-4.1.103.Final.jar;C:\Users\white\.m2\repository\io\netty\netty-resolver-dns\4.1.103.Final\netty-resolver-dns-4.1.103.Final.jar;C:\Users\white\.m2\repository\io\netty\netty-codec-dns\4.1.103.Final\netty-codec-dns-4.1.103.Final.jar;C:\Users\white\.m2\repository\com\fasterxml\jackson\core\jackson-core\2.15.3\jackson-core-2.15.3.jar;C:\Users\white\.m2\repository\cn\hutool\hutool-all\5.8.16\hutool-all-5.8.16.jar;C:\Users\white\.m2\repository\ch\qos\logback\logback-classic\1.3.12\logback-classic-1.3.12.jar;C:\Users\white\.m2\repository\ch\qos\logback\logback-core\1.3.12\logback-core-1.3.12.jar;
Launcher Type: SUN_STANDARD

[Global flags]
     intx CICompilerCount                          = 12                                        {product} {ergonomic}
     uint ConcGCThreads                            = 3                                         {product} {ergonomic}
     uint G1ConcRefinementThreads                  = 13                                        {product} {ergonomic}
   size_t G1HeapRegionSize                         = 1048576                                   {product} {ergonomic}
    uintx GCDrainStackTargetSize                   = 64                                        {product} {ergonomic}
   size_t InitialHeapSize                          = 264241152                                 {product} {ergonomic}
   size_t MarkStackSize                            = 4194304                                   {product} {ergonomic}
   size_t MaxHeapSize                              = 4223664128                                {product} {ergonomic}
   size_t MinHeapDeltaBytes                        = 1048576                                   {product} {ergonomic}
    uintx NonNMethodCodeHeapSize                   = 7594288                                {pd product} {ergonomic}
    uintx NonProfiledCodeHeapSize                  = 122031976                              {pd product} {ergonomic}
    uintx ProfiledCodeHeapSize                     = 122031976                              {pd product} {ergonomic}
    uintx ReservedCodeCacheSize                    = 251658240                              {pd product} {ergonomic}
     bool SegmentedCodeCache                       = true                                      {product} {ergonomic}
     bool UseCompressedClassPointers               = true                                 {lp64_product} {ergonomic}
     bool UseCompressedOops                        = true                                 {lp64_product} {ergonomic}
     bool UseG1GC                                  = true                                      {product} {ergonomic}
     bool UseLargePagesIndividualAllocation        = false                                  {pd product} {ergonomic}

Logging:
Log output configuration:
 #0: stdout all=warning uptime,level,tags
 #1: stderr all=off uptime,level,tags

Environment Variables:
JAVA_HOME=C:\Program Files\Java\jdk-11
JRE_HOME=C:\Program Files\Java\jre-1.8
PATH=D:\program\python;C:\Program Files\Java\jdk-11\bin;C:\Program Files\Common Files\Oracle\Java\javapath;D:\VMare\bin\;C:\Program Files\Java\jdk-1.8\bin;C:\WINDOWS\system32;C:\WINDOWS;C:\WINDOWS\System32\Wbem;C:\WINDOWS\System32\WindowsPowerShell\v1.0\;C:\WINDOWS\System32\OpenSSH\;D:\EDGE_download\mingw\bin;C:\Users\white\AppData\Local\Microsoft\WindowsApps;C:\Program Files\Git\cmd;C:\Program Files\dotnet\;C:\Program Files\MySQL\MySQL Server 8.0\bin;D:\program\node.js\;D:\program\node.js;D:\program\node.js\node_cache;D:\program\node.js\node_global;D:\program\Xshell\;D:\program\Xftp\;D:\program\apache-maven-3.9.5\bin;C:\Program Files\Go\bin;C:\Program Files\Redis\;C:\Users\white\.cargo\bin;C:\Users\white\AppData\Local\Programs\Python\Python312\Scripts\;C:\Users\white\AppData\Local\Programs\Python\Python312\;D:\program\Scripts\;D:\program\;C:\Users\white\AppData\Local\Programs\Python\Python310\Scripts\;C:\Users\white\AppData\Local\Programs\Python\Python310\;C:\Users\white\AppData\Local\Microsoft\WindowsApps;D:\program\Microsoft VS Code\bin;D:\for_internet\Fiddler;D:\program\apache-maven-3.9.5\bin;C:\Users\white\AppData\Roaming\npm;C:\Users\white\AppData\Local\GitHubDesktop\bin;C:\Users\white\go\bin
USERNAME=white
OS=Windows_NT
PROCESSOR_IDENTIFIER=Intel64 Family 6 Model 154 Stepping 3, GenuineIntel



---------------  S Y S T E M  ---------------

OS: Windows 11 , 64 bit Build 22621 (10.0.22621.3527)
Hyper-V role detected

CPU:total 16 (initial active 16) (8 cores per cpu, 2 threads per core) family 6 model 154 stepping 3 microcode 0x428, cmov, cx8, fxsr, mmx, sse, sse2, sse3, ssse3, sse4.1, sse4.2, popcnt, avx, avx2, aes, clmul, erms, 3dnowpref, lzcnt, ht, tsc, tscinvbit, bmi1, bmi2, adx, sha, fma

Memory: 4k page, system-wide physical 16109M (2689M free)
TotalPageFile size 16109M (AvailPageFile size 209M)
current process WorkingSet (physical memory assigned to process): 11M, peak: 11M
current process commit charge ("private bytes"): 71M, peak: 323M

vm_info: Java HotSpot(TM) 64-Bit Server VM (11.0.20+9-LTS-256) for windows-amd64 JRE (11.0.20+9-LTS-256), built on Jun 14 2023 10:34:22 by "mach5one" with MS VC++ 17.1 (VS2022)

END.
